  [1m[35m (23.3ms)[0m  [1m[35mCREATE DATABASE `library_development` DEFAULT CHARACTER SET `utf8mb4`[0m
  [1m[35m (24.4ms)[0m  [1m[35mCREATE TABLE `schema_migrations` (`version` varchar(255) NOT NULL PRIMARY KEY)[0m
  [1m[35m (3.6ms)[0m  [1m[35mCREATE TABLE `ar_internal_metadata` (`key` varchar(255) NOT NULL PRIMARY KEY, `value` varchar(255), `created_at` datetime(6) NOT NULL, `updated_at` datetime(6) NOT NULL)[0m
  [1m[35m (0.1ms)[0m  [1m[34mSELECT GET_LOCK('5288427128707212630', 0)[0m
  [1m[36mActiveRecord::SchemaMigration Load (2.6ms)[0m  [1m[34mSELECT `schema_migrations`.`version` FROM `schema_migrations` ORDER BY `schema_migrations`.`version` ASC[0m
  [1m[36mActiveRecord::InternalMetadata Load (0.5ms)[0m  [1m[34mSELECT * FROM `ar_internal_metadata` WHERE `ar_internal_metadata`.`key` = 'environment' ORDER BY `ar_internal_metadata`.`key` ASC LIMIT 1[0m
  [1m[36mActiveRecord::InternalMetadata Create (2.0ms)[0m  [1m[32mINSERT INTO `ar_internal_metadata` (`key`, `value`, `created_at`, `updated_at`) VALUES ('environment', 'development', '2024-05-27 13:10:17.539816', '2024-05-27 13:10:17.539819')[0m
Migrating to CreateBookcases (20240527130519)
  [1m[35m (3.5ms)[0m  [1m[35mCREATE TABLE `bookcases` (`id` bigint NOT NULL AUTO_INCREMENT PRIMARY KEY, `limit` int, `created_at` datetime(6) NOT NULL, `updated_at` datetime(6) NOT NULL)[0m
  [1m[36mActiveRecord::SchemaMigration Create (0.6ms)[0m  [1m[32mINSERT INTO `schema_migrations` (`version`) VALUES ('20240527130519')[0m
Migrating to CreateAuthors (20240527130752)
  [1m[35m (6.4ms)[0m  [1m[35mCREATE TABLE `authors` (`id` bigint NOT NULL AUTO_INCREMENT PRIMARY KEY, `name` varchar(255), `birth` date, `created_at` datetime(6) NOT NULL, `updated_at` datetime(6) NOT NULL)[0m
  [1m[36mActiveRecord::SchemaMigration Create (0.3ms)[0m  [1m[32mINSERT INTO `schema_migrations` (`version`) VALUES ('20240527130752')[0m
Migrating to CreateBooks (20240527130945)
  [1m[35m (6.1ms)[0m  [1m[35mCREATE TABLE `books` (`id` bigint NOT NULL AUTO_INCREMENT PRIMARY KEY, `title` varchar(255), `rating` int, `comment` varchar(255), `bookcase_id` bigint NOT NULL, `author_id` bigint NOT NULL, `created_at` datetime(6) NOT NULL, `updated_at` datetime(6) NOT NULL, INDEX `index_books_on_bookcase_id` (`bookcase_id`), INDEX `index_books_on_author_id` (`author_id`), CONSTRAINT `fk_rails_5ea79c829b`
FOREIGN KEY (`bookcase_id`)
  REFERENCES `bookcases` (`id`)
, CONSTRAINT `fk_rails_53d51ce16a`
FOREIGN KEY (`author_id`)
  REFERENCES `authors` (`id`)
)[0m
  [1m[36mActiveRecord::SchemaMigration Create (0.7ms)[0m  [1m[32mINSERT INTO `schema_migrations` (`version`) VALUES ('20240527130945')[0m
  [1m[35m (0.3ms)[0m  [1m[34mSELECT RELEASE_LOCK('5288427128707212630')[0m
  [1m[36mActiveRecord::SchemaMigration Load (0.1ms)[0m  [1m[34mSELECT `schema_migrations`.`version` FROM `schema_migrations` ORDER BY `schema_migrations`.`version` ASC[0m
  [1m[36mBook Load (1.1ms)[0m  [1m[34mSELECT `books`.* FROM `books` ORDER BY `books`.`id` DESC LIMIT 1[0m
  [1m[36mTRANSACTION (0.5ms)[0m  [1m[35mBEGIN[0m
  [1m[36mBookcase Load (0.7ms)[0m  [1m[34mSELECT `bookcases`.* FROM `bookcases` WHERE `bookcases`.`id` = 45 LIMIT 1[0m
  [1m[36mAuthor Load (0.7ms)[0m  [1m[34mSELECT `authors`.* FROM `authors` WHERE `authors`.`id` = 23 LIMIT 1[0m
  [1m[36mTRANSACTION (0.2ms)[0m  [1m[31mROLLBACK[0m
  [1m[36mTRANSACTION (0.2ms)[0m  [1m[35mBEGIN[0m
  [1m[36mAuthor Create (1.8ms)[0m  [1m[32mINSERT INTO `authors` (`name`, `birth`, `created_at`, `updated_at`) VALUES ('Gabriel Dutra', '2024-05-27', '2024-05-27 13:14:22.179243', '2024-05-27 13:14:22.179243')[0m
  [1m[36mTRANSACTION (2.1ms)[0m  [1m[35mCOMMIT[0m
  [1m[36mAuthor Load (0.5ms)[0m  [1m[34mSELECT `authors`.* FROM `authors` ORDER BY `authors`.`id` ASC LIMIT 1[0m
  [1m[36mTRANSACTION (0.1ms)[0m  [1m[35mBEGIN[0m
  [1m[36mBookcase Create (1.8ms)[0m  [1m[32mINSERT INTO `bookcases` (`limit`, `created_at`, `updated_at`) VALUES (10, '2024-05-27 13:14:59.424879', '2024-05-27 13:14:59.424879')[0m
  [1m[36mTRANSACTION (0.9ms)[0m  [1m[35mCOMMIT[0m
  [1m[36mBookcase Load (0.7ms)[0m  [1m[34mSELECT `bookcases`.* FROM `bookcases` ORDER BY `bookcases`.`id` DESC LIMIT 1[0m
  [1m[36mTRANSACTION (0.3ms)[0m  [1m[35mBEGIN[0m
  [1m[36mBookcase Destroy (1.1ms)[0m  [1m[31mDELETE FROM `bookcases` WHERE `bookcases`.`id` = 1[0m
  [1m[36mTRANSACTION (1.6ms)[0m  [1m[35mCOMMIT[0m
  [1m[35m (0.1ms)[0m  [1m[34mSELECT GET_LOCK('5288427128707212630', 0)[0m
  [1m[36mActiveRecord::SchemaMigration Load (1.3ms)[0m  [1m[34mSELECT `schema_migrations`.`version` FROM `schema_migrations` ORDER BY `schema_migrations`.`version` ASC[0m
  [1m[36mActiveRecord::InternalMetadata Load (1.1ms)[0m  [1m[34mSELECT * FROM `ar_internal_metadata` WHERE `ar_internal_metadata`.`key` = 'environment' ORDER BY `ar_internal_metadata`.`key` ASC LIMIT 1[0m
Migrating to AddNameToBookcase (20240527131612)
  [1m[35m (24.3ms)[0m  [1m[35mALTER TABLE `bookcases` ADD `name` varchar(255)[0m
  [1m[36mActiveRecord::SchemaMigration Create (0.7ms)[0m  [1m[32mINSERT INTO `schema_migrations` (`version`) VALUES ('20240527131612')[0m
  [1m[35m (0.1ms)[0m  [1m[34mSELECT RELEASE_LOCK('5288427128707212630')[0m
  [1m[36mActiveRecord::SchemaMigration Load (0.1ms)[0m  [1m[34mSELECT `schema_migrations`.`version` FROM `schema_migrations` ORDER BY `schema_migrations`.`version` ASC[0m
  [1m[36mBookcase Load (0.6ms)[0m  [1m[34mSELECT `bookcases`.* FROM `bookcases` ORDER BY `bookcases`.`id` DESC LIMIT 1[0m
  [1m[36mTRANSACTION (0.5ms)[0m  [1m[35mBEGIN[0m
  [1m[36mBookcase Create (1.6ms)[0m  [1m[32mINSERT INTO `bookcases` (`limit`, `created_at`, `updated_at`, `name`) VALUES (10, '2024-05-27 13:17:29.821604', '2024-05-27 13:17:29.821604', 'Estante do quarto')[0m
  [1m[36mTRANSACTION (1.4ms)[0m  [1m[35mCOMMIT[0m
  [1m[36mBookcase Count (4.6ms)[0m  [1m[34mSELECT COUNT(*) FROM `bookcases`[0m
  [1m[36mBookcase Load (0.5ms)[0m  [1m[34mSELECT `bookcases`.* FROM `bookcases` ORDER BY `bookcases`.`id` DESC LIMIT 1[0m
  [1m[36mTRANSACTION (0.2ms)[0m  [1m[35mBEGIN[0m
  [1m[36mBookcase Load (0.3ms)[0m  [1m[34mSELECT `bookcases`.* FROM `bookcases` WHERE `bookcases`.`id` = 1 LIMIT 1[0m
  [1m[36mAuthor Load (0.7ms)[0m  [1m[34mSELECT `authors`.* FROM `authors` WHERE `authors`.`id` = 1 LIMIT 1[0m
  [1m[36mTRANSACTION (0.2ms)[0m  [1m[31mROLLBACK[0m
  [1m[36mTRANSACTION (0.8ms)[0m  [1m[35mBEGIN[0m
  [1m[36mBookcase Load (0.8ms)[0m  [1m[34mSELECT `bookcases`.* FROM `bookcases` WHERE `bookcases`.`id` = 2 LIMIT 1[0m
  [1m[36mAuthor Load (0.7ms)[0m  [1m[34mSELECT `authors`.* FROM `authors` WHERE `authors`.`id` = 1 LIMIT 1[0m
  [1m[36mBook Create (1.5ms)[0m  [1m[32mINSERT INTO `books` (`title`, `rating`, `comment`, `bookcase_id`, `author_id`, `created_at`, `updated_at`) VALUES ('Livro 1', 5, '', 2, 1, '2024-05-27 13:18:20.323759', '2024-05-27 13:18:20.323759')[0m
  [1m[36mTRANSACTION (1.2ms)[0m  [1m[35mCOMMIT[0m
  [1m[36mBook Load (44.7ms)[0m  [1m[34mSELECT `books`.* FROM `books` ORDER BY `books`.`id` ASC LIMIT 1[0m
  [1m[36mAuthor Load (1.1ms)[0m  [1m[34mSELECT `authors`.* FROM `authors` ORDER BY `authors`.`id` ASC LIMIT 1[0m
  [1m[36mAuthor Load (0.5ms)[0m  [1m[34mSELECT `authors`.* FROM `authors` ORDER BY `authors`.`id` ASC LIMIT 1[0m
  [1m[36mBook Load (6.3ms)[0m  [1m[34mSELECT `books`.* FROM `books` WHERE `books`.`author_id` = 1 /* loading for pp */ LIMIT 11[0m
  [1m[36mBook Load (1.7ms)[0m  [1m[34mSELECT `books`.* FROM `books` ORDER BY `books`.`id` ASC LIMIT 1[0m
  [1m[36mTRANSACTION (0.4ms)[0m  [1m[35mBEGIN[0m
  [1m[36mBookcase Load (0.6ms)[0m  [1m[34mSELECT `bookcases`.* FROM `bookcases` WHERE `bookcases`.`id` = 2 LIMIT 1[0m
  [1m[36mAuthor Load (0.2ms)[0m  [1m[34mSELECT `authors`.* FROM `authors` WHERE `authors`.`id` = 1 LIMIT 1[0m
  [1m[36mTRANSACTION (0.1ms)[0m  [1m[31mROLLBACK[0m
  [1m[36mTRANSACTION (0.3ms)[0m  [1m[35mBEGIN[0m
  [1m[36mBookcase Load (0.2ms)[0m  [1m[34mSELECT `bookcases`.* FROM `bookcases` WHERE `bookcases`.`id` = 2 LIMIT 1[0m
  [1m[36mAuthor Load (0.2ms)[0m  [1m[34mSELECT `authors`.* FROM `authors` WHERE `authors`.`id` = 1 LIMIT 1[0m
  [1m[36mTRANSACTION (0.1ms)[0m  [1m[31mROLLBACK[0m
  [1m[36mBook Load (0.8ms)[0m  [1m[34mSELECT `books`.* FROM `books` ORDER BY `books`.`id` ASC LIMIT 1[0m
  [1m[36mAuthor Load (0.5ms)[0m  [1m[34mSELECT `authors`.* FROM `authors` ORDER BY `authors`.`id` ASC LIMIT 1[0m
  [1m[36mBookcase Load (0.7ms)[0m  [1m[34mSELECT `bookcases`.* FROM `bookcases` ORDER BY `bookcases`.`id` ASC LIMIT 1[0m
  [1m[36mTRANSACTION (0.4ms)[0m  [1m[35mBEGIN[0m
  [1m[36mBookcase Load (0.2ms)[0m  [1m[34mSELECT `bookcases`.* FROM `bookcases` WHERE `bookcases`.`id` = 2 LIMIT 1[0m
  [1m[36mAuthor Load (0.2ms)[0m  [1m[34mSELECT `authors`.* FROM `authors` WHERE `authors`.`id` = 1 LIMIT 1[0m
  [1m[36mTRANSACTION (0.1ms)[0m  [1m[31mROLLBACK[0m
  [1m[36mTRANSACTION (0.2ms)[0m  [1m[35mBEGIN[0m
  [1m[36mBookcase Load (0.3ms)[0m  [1m[34mSELECT `bookcases`.* FROM `bookcases` WHERE `bookcases`.`id` = 2 LIMIT 1[0m
  [1m[36mAuthor Load (0.2ms)[0m  [1m[34mSELECT `authors`.* FROM `authors` WHERE `authors`.`id` = 1 LIMIT 1[0m
  [1m[36mBook Count (3.6ms)[0m  [1m[34mSELECT COUNT(*) FROM `books` WHERE `books`.`bookcase_id` = 2[0m
  [1m[36mTRANSACTION (0.2ms)[0m  [1m[31mROLLBACK[0m
  [1m[36mBookcase Load (1.0ms)[0m  [1m[34mSELECT `bookcases`.* FROM `bookcases` ORDER BY `bookcases`.`id` DESC LIMIT 1[0m
  [1m[36mTRANSACTION (0.2ms)[0m  [1m[35mBEGIN[0m
  [1m[36mBookcase Update (6.8ms)[0m  [1m[33mUPDATE `bookcases` SET `bookcases`.`limit` = 2, `bookcases`.`updated_at` = '2024-05-27 15:06:00.060253' WHERE `bookcases`.`id` = 2[0m
  [1m[36mTRANSACTION (3.9ms)[0m  [1m[35mCOMMIT[0m
  [1m[36mTRANSACTION (0.2ms)[0m  [1m[35mBEGIN[0m
  [1m[36mBookcase Load (0.3ms)[0m  [1m[34mSELECT `bookcases`.* FROM `bookcases` WHERE `bookcases`.`id` = 2 LIMIT 1[0m
  [1m[36mAuthor Load (0.2ms)[0m  [1m[34mSELECT `authors`.* FROM `authors` WHERE `authors`.`id` = 1 LIMIT 1[0m
  [1m[36mBook Count (0.5ms)[0m  [1m[34mSELECT COUNT(*) FROM `books` WHERE `books`.`bookcase_id` = 2[0m
  [1m[36mBook Create (2.2ms)[0m  [1m[32mINSERT INTO `books` (`title`, `rating`, `comment`, `bookcase_id`, `author_id`, `created_at`, `updated_at`) VALUES ('Livro 1', 5, '', 2, 1, '2024-05-27 15:06:39.398762', '2024-05-27 15:06:39.398762')[0m
  [1m[36mTRANSACTION (1.4ms)[0m  [1m[35mCOMMIT[0m
  [1m[36mTRANSACTION (0.2ms)[0m  [1m[35mBEGIN[0m
  [1m[36mBookcase Load (0.3ms)[0m  [1m[34mSELECT `bookcases`.* FROM `bookcases` WHERE `bookcases`.`id` = 2 LIMIT 1[0m
  [1m[36mAuthor Load (0.1ms)[0m  [1m[34mSELECT `authors`.* FROM `authors` WHERE `authors`.`id` = 1 LIMIT 1[0m
  [1m[36mBook Count (0.4ms)[0m  [1m[34mSELECT COUNT(*) FROM `books` WHERE `books`.`bookcase_id` = 2[0m
  [1m[36mTRANSACTION (0.2ms)[0m  [1m[31mROLLBACK[0m
  [1m[36mTRANSACTION (0.2ms)[0m  [1m[35mBEGIN[0m
  [1m[36mAuthor Exists? (1.9ms)[0m  [1m[34mSELECT 1 AS one FROM `authors` WHERE `authors`.`name` = 'Gabriel Dutra' LIMIT 1[0m
  [1m[36mTRANSACTION (0.1ms)[0m  [1m[31mROLLBACK[0m
Started GET "/" for 127.0.0.1 at 2024-05-27 12:12:07 -0300
  [1m[36mActiveRecord::SchemaMigration Load (2.8ms)[0m  [1m[34mSELECT `schema_migrations`.`version` FROM `schema_migrations` ORDER BY `schema_migrations`.`version` ASC[0m
Processing by Rails::WelcomeController#index as HTML
  Rendering /Users/gabrieldutra/.rbenv/versions/3.1.2/lib/ruby/gems/3.1.0/gems/railties-7.1.3.3/lib/rails/templates/rails/welcome/index.html.erb
  Rendered /Users/gabrieldutra/.rbenv/versions/3.1.2/lib/ruby/gems/3.1.0/gems/railties-7.1.3.3/lib/rails/templates/rails/welcome/index.html.erb (Duration: 0.4ms | Allocations: 384)
Completed 200 OK in 26ms (Views: 11.3ms | ActiveRecord: 0.0ms | Allocations: 6101)


  [1m[36mBook Load (2.0ms)[0m  [1m[34mSELECT `books`.* FROM `books` ORDER BY `books`.`id` ASC LIMIT 1[0m
Started GET "/authors" for 127.0.0.1 at 2024-05-29 14:25:36 -0300
  [1m[36mActiveRecord::SchemaMigration Load (2.4ms)[0m  [1m[34mSELECT `schema_migrations`.`version` FROM `schema_migrations` ORDER BY `schema_migrations`.`version` ASC[0m
Processing by AuthorsController#index as HTML
  [1m[36mAuthor Load (1.9ms)[0m  [1m[34mSELECT `authors`.* FROM `authors`[0m
  ↳ app/controllers/authors_controller.rb:8:in `index'
Completed 200 OK in 44ms (Views: 9.1ms | ActiveRecord: 22.5ms | Allocations: 19600)


Started GET "/favicon.ico" for 127.0.0.1 at 2024-05-29 14:25:36 -0300
  
ActionController::RoutingError (No route matches [GET] "/favicon.ico"):
  
Started GET "/authors/1" for 127.0.0.1 at 2024-05-29 14:25:44 -0300
Processing by AuthorsController#show as HTML
  Parameters: {"id"=>"1"}
  [1m[36mAuthor Load (3.6ms)[0m  [1m[34mSELECT `authors`.* FROM `authors` WHERE `authors`.`id` = 1 LIMIT 1[0m
  ↳ app/controllers/authors_controller.rb:44:in `set_author'
Completed 200 OK in 39ms (Views: 1.5ms | ActiveRecord: 3.6ms | Allocations: 2339)


Started GET "/authors" for 127.0.0.1 at 2024-05-29 14:26:00 -0300
Processing by AuthorsController#index as HTML
  [1m[36mAuthor Load (0.8ms)[0m  [1m[34mSELECT `authors`.* FROM `authors`[0m
  ↳ app/controllers/authors_controller.rb:8:in `index'
Completed 200 OK in 5ms (Views: 3.3ms | ActiveRecord: 0.8ms | Allocations: 818)


Started GET "/books" for 127.0.0.1 at 2024-05-29 14:26:07 -0300
Processing by BooksController#index as HTML
  [1m[36mBook Load (6.9ms)[0m  [1m[34mSELECT `books`.* FROM `books`[0m
  ↳ app/controllers/books_controller.rb:8:in `index'
Completed 200 OK in 57ms (Views: 17.1ms | ActiveRecord: 30.2ms | Allocations: 10666)


Started GET "/authors" for 127.0.0.1 at 2024-05-29 14:32:48 -0300
  [1m[36mActiveRecord::SchemaMigration Load (0.5ms)[0m  [1m[34mSELECT `schema_migrations`.`version` FROM `schema_migrations` ORDER BY `schema_migrations`.`version` ASC[0m
Processing by AuthorsController#index as HTML
  [1m[36mAuthor Load (0.9ms)[0m  [1m[34mSELECT `authors`.* FROM `authors`[0m
  ↳ app/controllers/authors_controller.rb:8:in `index'
Completed 200 OK in 32ms (Views: 7.7ms | ActiveRecord: 12.2ms | Allocations: 19574)


Started GET "/authors/1/books" for 127.0.0.1 at 2024-05-29 14:32:51 -0300
Processing by BooksController#index as HTML
  Parameters: {"author_id"=>"1"}
  [1m[36mBook Load (2.0ms)[0m  [1m[34mSELECT `books`.* FROM `books`[0m
  ↳ app/controllers/books_controller.rb:8:in `index'
Completed 200 OK in 50ms (Views: 26.9ms | ActiveRecord: 10.6ms | Allocations: 10623)


Started GET "/authors/2/books" for 127.0.0.1 at 2024-05-29 14:33:02 -0300
Processing by BooksController#index as HTML
  Parameters: {"author_id"=>"2"}
  [1m[36mBook Load (3.1ms)[0m  [1m[34mSELECT `books`.* FROM `books`[0m
  ↳ app/controllers/books_controller.rb:8:in `index'
Completed 200 OK in 23ms (Views: 16.8ms | ActiveRecord: 3.0ms | Allocations: 881)


Started GET "/authors/2/books" for 127.0.0.1 at 2024-05-29 14:38:24 -0300
Processing by BooksController#index as HTML
  Parameters: {"author_id"=>"2"}
  [1m[36mBook Load (1.5ms)[0m  [1m[34mSELECT `books`.* FROM `books` WHERE `books`.`author_id` = 2[0m
  ↳ app/controllers/books_controller.rb:12:in `index'
Completed 200 OK in 64ms (Views: 9.8ms | ActiveRecord: 37.8ms | Allocations: 3378)


Started GET "/authors/1/books" for 127.0.0.1 at 2024-05-29 14:38:27 -0300
Processing by BooksController#index as HTML
  Parameters: {"author_id"=>"1"}
  [1m[36mBook Load (0.4ms)[0m  [1m[34mSELECT `books`.* FROM `books` WHERE `books`.`author_id` = 1[0m
  ↳ app/controllers/books_controller.rb:12:in `index'
Completed 200 OK in 9ms (Views: 3.5ms | ActiveRecord: 5.0ms | Allocations: 4022)


Started GET "/authors/1/books" for 127.0.0.1 at 2024-05-29 14:40:43 -0300
Processing by BooksController#index as HTML
  Parameters: {"author_id"=>"1"}
  [1m[36mBook Load (1.1ms)[0m  [1m[34mSELECT `books`.* FROM `books` WHERE `books`.`author_id` = 1[0m
  ↳ app/controllers/books_controller.rb:12:in `index'
Completed 200 OK in 39ms (Views: 3.1ms | ActiveRecord: 33.6ms | Allocations: 6109)


Started GET "/authors/1/teste" for 127.0.0.1 at 2024-05-29 14:40:47 -0300
Processing by BooksController#teste as HTML
  Parameters: {"author_id"=>"1"}
Completed 204 No Content in 1ms (ActiveRecord: 0.0ms | Allocations: 102)


Started GET "/authors/1/teste" for 127.0.0.1 at 2024-05-29 14:40:49 -0300
Processing by BooksController#teste as HTML
  Parameters: {"author_id"=>"1"}
Completed 204 No Content in 0ms (ActiveRecord: 0.0ms | Allocations: 65)


Started GET "/authors/teste" for 127.0.0.1 at 2024-05-29 14:40:51 -0300
Processing by AuthorsController#show as HTML
  Parameters: {"id"=>"teste"}
  [1m[36mAuthor Load (1.7ms)[0m  [1m[34mSELECT `authors`.* FROM `authors` WHERE `authors`.`id` = NULL LIMIT 1[0m
  ↳ app/controllers/authors_controller.rb:44:in `set_author'
Completed 404 Not Found in 12ms (ActiveRecord: 5.6ms | Allocations: 2415)


  
ActiveRecord::RecordNotFound (Couldn't find Author with 'id'=teste):
  
app/controllers/authors_controller.rb:44:in `set_author'
Started GET "/teste" for 127.0.0.1 at 2024-05-29 14:41:01 -0300
  
ActionController::RoutingError (No route matches [GET] "/teste"):
  
Started GET "/teste" for 127.0.0.1 at 2024-05-29 14:41:21 -0300
  
ActionController::RoutingError (No route matches [GET] "/teste"):
  
Started GET "/teste" for 127.0.0.1 at 2024-05-29 14:41:23 -0300
  
ActionController::RoutingError (No route matches [GET] "/teste"):
  
Started GET "/author/teste" for 127.0.0.1 at 2024-05-29 14:41:57 -0300
  
ActionController::RoutingError (No route matches [GET] "/author/teste"):
  
Started GET "/author/2/teste" for 127.0.0.1 at 2024-05-29 14:42:00 -0300
  
ActionController::RoutingError (No route matches [GET] "/author/2/teste"):
  
Started GET "/authors/2/teste" for 127.0.0.1 at 2024-05-29 14:42:12 -0300
Processing by BooksController#teste as HTML
  Parameters: {"author_id"=>"2"}
  [1m[36mBook Load (2.4ms)[0m  [1m[34mSELECT `books`.* FROM `books` WHERE `books`.`name` = 'Livro 1'[0m
  ↳ app/controllers/books_controller.rb:18:in `teste'
Completed 500 Internal Server Error in 34ms (ActiveRecord: 15.7ms | Allocations: 3119)


  
ActiveRecord::StatementInvalid (Mysql2::Error: Unknown column 'books.name' in 'where clause'):
  
Started GET "/authors/2/teste" for 127.0.0.1 at 2024-05-29 14:42:25 -0300
Processing by BooksController#teste as HTML
  Parameters: {"author_id"=>"2"}
  [1m[36mBook Load (1.1ms)[0m  [1m[34mSELECT `books`.* FROM `books` WHERE `books`.`title` = 'Livro 1'[0m
  ↳ app/controllers/books_controller.rb:18:in `teste'
Completed 200 OK in 14ms (Views: 2.8ms | ActiveRecord: 8.9ms | Allocations: 6157)


Started GET "/authors/teste" for 127.0.0.1 at 2024-05-29 14:42:29 -0300
Processing by AuthorsController#show as HTML
  Parameters: {"id"=>"teste"}
  [1m[36mAuthor Load (0.5ms)[0m  [1m[34mSELECT `authors`.* FROM `authors` WHERE `authors`.`id` = NULL LIMIT 1[0m
  ↳ app/controllers/authors_controller.rb:44:in `set_author'
Completed 404 Not Found in 8ms (ActiveRecord: 3.4ms | Allocations: 2292)


  
ActiveRecord::RecordNotFound (Couldn't find Author with 'id'=teste):
  
app/controllers/authors_controller.rb:44:in `set_author'
Started GET "/teste/teste" for 127.0.0.1 at 2024-05-29 14:43:15 -0300
  
ActionController::RoutingError (uninitialized constant TesteController

      Object.const_get(camel_cased_word)
            ^^^^^^^^^^

            raise MissingController.new(error.message, error.name)
            ^^^^^):
  
Started GET "/rails/info/routes?query=teste" for 127.0.0.1 at 2024-05-29 14:43:22 -0300
Processing by Rails::InfoController#routes as */*
  Parameters: {"query"=>"teste"}
Completed 200 OK in 15ms (Views: 0.3ms | ActiveRecord: 0.0ms | Allocations: 12259)


